ERROR:root:Couldn't open 'C:\Users\Mateusz\Music\Something Big.mp3'
Traceback (most recent call last):
  File "c:/Users/Mateusz/Documents/Projekty Python/Sounder4/Sounder4.py", line 950, in play_song
    mixer.music.load(self.song)
pygame.error: Couldn't open 'C:\Users\Mateusz\Music\Something Big.mp3'
ERROR:root:name 's' is not defined
Traceback (most recent call last):
  File "c:/Users/Mateusz/Documents/Projekty Python/Sounder4/Sounder4.py", line 1169, in open_menu
    menu.deiconify(s)
NameError: name 's' is not defined
ERROR:root:name 's' is not defined
Traceback (most recent call last):
  File "c:/Users/Mateusz/Documents/Projekty Python/Sounder4/Sounder4.py", line 1169, in open_menu
    menu.deiconify()
NameError: name 's' is not defined
ERROR:root:name 's' is not defined
Traceback (most recent call last):
  File "c:/Users/Mateusz/Documents/Projekty Python/Sounder4/Sounder4.py", line 1169, in open_menu
    menu.deiconify()
NameError: name 's' is not defined
ERROR:root:'blacklist'
Traceback (most recent call last):
  File "c:/Users/Mateusz/Documents/Projekty Python/Sounder4/Sounder4.py", line 642, in settings_correction
    self.settings['blacklist']
KeyError: 'blacklist'
